<?xml version="1.0" encoding="UTF-8"?>
<!-- Generated by org.testng.reporters.JUnitReportReporter -->
<testsuite skipped="0" hostname="TYSS-4F-036" name="googdemo.NewTest" tests="1" failures="0" timestamp="14 Sep 2017 12:19:38 GMT" time="12.734" errors="0">
  <testcase name="main" time="12.734" classname="googdemo.NewTest"/>
</testsuite> <!-- googdemo.NewTest -->
